2014-06-18 11:07:57.676 Schedule[36079:70b] Multi-tasking -> Device: YES, App: YES
2014-06-18 11:07:57.698 Schedule[36079:70b] Unlimited access to network resources
2014-06-18 11:07:57.704 Schedule[36079:70b] 

Started backup to iCloud! Please be careful.
Your application might rejected by Apple if you store too much data.
For more information please read "iOS Data Storage Guidelines"
You could find it at the following address https://developer.apple.com/icloud/documentation/data-storage/ .

2014-06-18 11:07:58.020 Schedule[36079:70b] Resetting plugins due to page load.
2014-06-18 11:07:58.121 Schedule[36079:70b] Finished load of: file:///Users/aaron/Library/Application%20Support/iPhone%20Simulator/7.1/Applications/E84B2ED2-037B-4BC4-9376-FEE89E7B0166/Schedule.app/www/index.html
Terminating in response to SpringBoard's termination.
2014-06-18 11:09:22.969 Schedule[36236:70b] Multi-tasking -> Device: YES, App: YES
2014-06-18 11:09:22.977 Schedule[36236:70b] Unlimited access to network resources
2014-06-18 11:09:22.980 Schedule[36236:70b] 

Started backup to iCloud! Please be careful.
Your application might rejected by Apple if you store too much data.
For more information please read "iOS Data Storage Guidelines"
You could find it at the following address https://developer.apple.com/icloud/documentation/data-storage/ .

2014-06-18 11:09:23.081 Schedule[36236:70b] Resetting plugins due to page load.
2014-06-18 11:09:23.146 Schedule[36236:70b] Finished load of: file:///Users/aaron/Library/Application%20Support/iPhone%20Simulator/7.1/Applications/E84B2ED2-037B-4BC4-9376-FEE89E7B0166/Schedule.app/www/index.html
2014-06-18 11:18:37.649 Schedule[36449:70b] Multi-tasking -> Device: YES, App: YES
2014-06-18 11:18:37.654 Schedule[36449:70b] Unlimited access to network resources
2014-06-18 11:18:37.656 Schedule[36449:70b] 

Started backup to iCloud! Please be careful.
Your application might rejected by Apple if you store too much data.
For more information please read "iOS Data Storage Guidelines"
You could find it at the following address https://developer.apple.com/icloud/documentation/data-storage/ .

2014-06-18 11:18:37.695 Schedule[36449:70b] Resetting plugins due to page load.
2014-06-18 11:18:37.730 Schedule[36449:70b] Finished load of: file:///Users/aaron/Library/Application%20Support/iPhone%20Simulator/7.1/Applications/E84B2ED2-037B-4BC4-9376-FEE89E7B0166/Schedule.app/www/index.html
2014-06-18 11:18:49.053 Schedule[36517:70b] Multi-tasking -> Device: YES, App: YES
2014-06-18 11:18:49.058 Schedule[36517:70b] Unlimited access to network resources
2014-06-18 11:18:49.060 Schedule[36517:70b] 

Started backup to iCloud! Please be careful.
Your application might rejected by Apple if you store too much data.
For more information please read "iOS Data Storage Guidelines"
You could find it at the following address https://developer.apple.com/icloud/documentation/data-storage/ .

2014-06-18 11:18:49.100 Schedule[36517:70b] Resetting plugins due to page load.
2014-06-18 11:18:49.132 Schedule[36517:70b] Finished load of: file:///Users/aaron/Library/Application%20Support/iPhone%20Simulator/7.1/Applications/E84B2ED2-037B-4BC4-9376-FEE89E7B0166/Schedule.app/www/index.html
2014-06-18 11:20:54.298 Schedule[36726:70b] Multi-tasking -> Device: YES, App: YES
2014-06-18 11:20:54.303 Schedule[36726:70b] Unlimited access to network resources
2014-06-18 11:20:54.305 Schedule[36726:70b] 

Started backup to iCloud! Please be careful.
Your application might rejected by Apple if you store too much data.
For more information please read "iOS Data Storage Guidelines"
You could find it at the following address https://developer.apple.com/icloud/documentation/data-storage/ .

2014-06-18 11:20:54.344 Schedule[36726:70b] Resetting plugins due to page load.
2014-06-18 11:20:54.377 Schedule[36726:70b] Finished load of: file:///Users/aaron/Library/Application%20Support/iPhone%20Simulator/7.1/Applications/E84B2ED2-037B-4BC4-9376-FEE89E7B0166/Schedule.app/www/index.html
2014-06-18 12:15:15.424 Schedule[37826:70b] Multi-tasking -> Device: YES, App: YES
2014-06-18 12:15:15.429 Schedule[37826:70b] Unlimited access to network resources
2014-06-18 12:15:15.431 Schedule[37826:70b] 

Started backup to iCloud! Please be careful.
Your application might rejected by Apple if you store too much data.
For more information please read "iOS Data Storage Guidelines"
You could find it at the following address https://developer.apple.com/icloud/documentation/data-storage/ .

2014-06-18 12:15:15.495 Schedule[37826:70b] Resetting plugins due to page load.
2014-06-18 12:15:15.531 Schedule[37826:70b] Finished load of: file:///Users/aaron/Library/Application%20Support/iPhone%20Simulator/7.1/Applications/E84B2ED2-037B-4BC4-9376-FEE89E7B0166/Schedule.app/www/index.html
2014-06-18 12:15:55.312 Schedule[37898:70b] Multi-tasking -> Device: YES, App: YES
2014-06-18 12:15:55.317 Schedule[37898:70b] Unlimited access to network resources
2014-06-18 12:15:55.319 Schedule[37898:70b] 

Started backup to iCloud! Please be careful.
Your application might rejected by Apple if you store too much data.
For more information please read "iOS Data Storage Guidelines"
You could find it at the following address https://developer.apple.com/icloud/documentation/data-storage/ .

2014-06-18 12:15:55.358 Schedule[37898:70b] Resetting plugins due to page load.
2014-06-18 12:15:55.391 Schedule[37898:70b] Finished load of: file:///Users/aaron/Library/Application%20Support/iPhone%20Simulator/7.1/Applications/E84B2ED2-037B-4BC4-9376-FEE89E7B0166/Schedule.app/www/index.html
2014-06-18 12:16:02.507 Schedule[37898:70b] Resetting plugins due to page load.
2014-06-18 12:16:02.510 Schedule[37898:70b] Failed to load webpage with error: The requested URL was not found on this server.
2014-06-18 12:16:05.042 Schedule[37898:70b] Resetting plugins due to page load.
2014-06-18 12:16:05.043 Schedule[37898:70b] Failed to load webpage with error: The requested URL was not found on this server.
2014-06-18 12:33:16.637 Schedule[38388:70b] Multi-tasking -> Device: YES, App: YES
2014-06-18 12:33:16.652 Schedule[38388:70b] Unlimited access to network resources
2014-06-18 12:33:16.657 Schedule[38388:70b] 

Started backup to iCloud! Please be careful.
Your application might rejected by Apple if you store too much data.
For more information please read "iOS Data Storage Guidelines"
You could find it at the following address https://developer.apple.com/icloud/documentation/data-storage/ .

2014-06-18 12:33:16.761 Schedule[38388:70b] Resetting plugins due to page load.
2014-06-18 12:33:16.853 Schedule[38388:70b] Finished load of: file:///Users/aaron/Library/Application%20Support/iPhone%20Simulator/7.1/Applications/E84B2ED2-037B-4BC4-9376-FEE89E7B0166/Schedule.app/www/index.html
2014-06-18 12:33:25.339 Schedule[38388:70b] Resetting plugins due to page load.
2014-06-18 12:33:25.345 Schedule[38388:70b] Failed to load webpage with error: The requested URL was not found on this server.
2014-06-18 12:37:10.736 Schedule[38511:70b] Multi-tasking -> Device: YES, App: YES
2014-06-18 12:37:10.752 Schedule[38511:70b] Unlimited access to network resources
2014-06-18 12:37:10.757 Schedule[38511:70b] 

Started backup to iCloud! Please be careful.
Your application might rejected by Apple if you store too much data.
For more information please read "iOS Data Storage Guidelines"
You could find it at the following address https://developer.apple.com/icloud/documentation/data-storage/ .

2014-06-18 12:37:10.866 Schedule[38511:70b] Resetting plugins due to page load.
2014-06-18 12:37:10.957 Schedule[38511:70b] Finished load of: file:///Users/aaron/Library/Application%20Support/iPhone%20Simulator/7.1/Applications/E84B2ED2-037B-4BC4-9376-FEE89E7B0166/Schedule.app/www/index.html
2014-06-18 12:37:17.363 Schedule[38511:70b] Resetting plugins due to page load.
2014-06-18 12:37:17.613 Schedule[38511:70b] Finished load of: http://schedule.aaronvanderzwan.com/wp-content/uploads/2014/06/Softball-2014.pdf
2014-06-18 12:38:26.578 Schedule[38595:70b] Multi-tasking -> Device: YES, App: YES
2014-06-18 12:38:26.593 Schedule[38595:70b] Unlimited access to network resources
2014-06-18 12:38:26.598 Schedule[38595:70b] 

Started backup to iCloud! Please be careful.
Your application might rejected by Apple if you store too much data.
For more information please read "iOS Data Storage Guidelines"
You could find it at the following address https://developer.apple.com/icloud/documentation/data-storage/ .

2014-06-18 12:38:26.804 Schedule[38595:70b] Resetting plugins due to page load.
2014-06-18 12:38:26.899 Schedule[38595:70b] Finished load of: file:///Users/aaron/Library/Application%20Support/iPhone%20Simulator/7.1/Applications/E84B2ED2-037B-4BC4-9376-FEE89E7B0166/Schedule.app/www/index.html
2014-06-18 12:39:12.992 Schedule[38670:70b] Multi-tasking -> Device: YES, App: YES
2014-06-18 12:39:13.007 Schedule[38670:70b] Unlimited access to network resources
2014-06-18 12:39:13.012 Schedule[38670:70b] 

Started backup to iCloud! Please be careful.
Your application might rejected by Apple if you store too much data.
For more information please read "iOS Data Storage Guidelines"
You could find it at the following address https://developer.apple.com/icloud/documentation/data-storage/ .

2014-06-18 12:39:13.116 Schedule[38670:70b] Resetting plugins due to page load.
2014-06-18 12:39:13.208 Schedule[38670:70b] Finished load of: file:///Users/aaron/Library/Application%20Support/iPhone%20Simulator/7.1/Applications/E84B2ED2-037B-4BC4-9376-FEE89E7B0166/Schedule.app/www/index.html
2014-06-18 12:39:19.743 Schedule[38670:70b] CDVWebViewDelegate: Navigation started when state=1
2014-06-18 12:39:19.743 Schedule[38670:70b] Failed to load webpage with error: CDVWebViewDelegate: Navigation started when state=1
2014-06-18 12:39:19.745 Schedule[38670:70b] Resetting plugins due to page load.
2014-06-18 12:39:20.037 Schedule[38670:70b] Finished load of: http://schedule.aaronvanderzwan.com/wp-content/uploads/2014/06/Softball-2014.pdf
2014-06-18 12:39:29.072 Schedule[38738:70b] Multi-tasking -> Device: YES, App: YES
2014-06-18 12:39:29.095 Schedule[38738:70b] Unlimited access to network resources
2014-06-18 12:39:29.102 Schedule[38738:70b] 

Started backup to iCloud! Please be careful.
Your application might rejected by Apple if you store too much data.
For more information please read "iOS Data Storage Guidelines"
You could find it at the following address https://developer.apple.com/icloud/documentation/data-storage/ .

2014-06-18 12:39:29.329 Schedule[38738:70b] Resetting plugins due to page load.
2014-06-18 12:39:29.430 Schedule[38738:70b] Finished load of: file:///Users/aaron/Library/Application%20Support/iPhone%20Simulator/7.1/Applications/E84B2ED2-037B-4BC4-9376-FEE89E7B0166/Schedule.app/www/index.html
2014-06-18 12:40:01.669 Schedule[38809:70b] Multi-tasking -> Device: YES, App: YES
2014-06-18 12:40:01.684 Schedule[38809:70b] Unlimited access to network resources
2014-06-18 12:40:01.689 Schedule[38809:70b] 

Started backup to iCloud! Please be careful.
Your application might rejected by Apple if you store too much data.
For more information please read "iOS Data Storage Guidelines"
You could find it at the following address https://developer.apple.com/icloud/documentation/data-storage/ .

2014-06-18 12:40:01.897 Schedule[38809:70b] Resetting plugins due to page load.
2014-06-18 12:40:02.006 Schedule[38809:70b] Finished load of: file:///Users/aaron/Library/Application%20Support/iPhone%20Simulator/7.1/Applications/E84B2ED2-037B-4BC4-9376-FEE89E7B0166/Schedule.app/www/index.html
2014-06-18 12:40:22.700 Schedule[38880:70b] Multi-tasking -> Device: YES, App: YES
2014-06-18 12:40:22.714 Schedule[38880:70b] Unlimited access to network resources
2014-06-18 12:40:22.719 Schedule[38880:70b] 

Started backup to iCloud! Please be careful.
Your application might rejected by Apple if you store too much data.
For more information please read "iOS Data Storage Guidelines"
You could find it at the following address https://developer.apple.com/icloud/documentation/data-storage/ .

2014-06-18 12:40:22.944 Schedule[38880:70b] Resetting plugins due to page load.
2014-06-18 12:40:23.046 Schedule[38880:70b] Finished load of: file:///Users/aaron/Library/Application%20Support/iPhone%20Simulator/7.1/Applications/E84B2ED2-037B-4BC4-9376-FEE89E7B0166/Schedule.app/www/index.html
2014-06-18 12:40:30.559 Schedule[38880:70b] Resetting plugins due to page load.
2014-06-18 12:40:30.841 Schedule[38880:70b] Finished load of: http://schedule.aaronvanderzwan.com/wp-content/uploads/2014/06/Softball-2014.pdf
2014-06-18 12:42:45.763 Schedule[38974:70b] Multi-tasking -> Device: YES, App: YES
2014-06-18 12:42:45.778 Schedule[38974:70b] Unlimited access to network resources
2014-06-18 12:42:45.783 Schedule[38974:70b] 

Started backup to iCloud! Please be careful.
Your application might rejected by Apple if you store too much data.
For more information please read "iOS Data Storage Guidelines"
You could find it at the following address https://developer.apple.com/icloud/documentation/data-storage/ .

2014-06-18 12:42:45.891 Schedule[38974:70b] Resetting plugins due to page load.
2014-06-18 12:42:45.984 Schedule[38974:70b] Finished load of: file:///Users/aaron/Library/Application%20Support/iPhone%20Simulator/7.1/Applications/E84B2ED2-037B-4BC4-9376-FEE89E7B0166/Schedule.app/www/index.html
2014-06-18 12:43:02.876 Schedule[39048:70b] Multi-tasking -> Device: YES, App: YES
2014-06-18 12:43:02.891 Schedule[39048:70b] Unlimited access to network resources
2014-06-18 12:43:02.896 Schedule[39048:70b] 

Started backup to iCloud! Please be careful.
Your application might rejected by Apple if you store too much data.
For more information please read "iOS Data Storage Guidelines"
You could find it at the following address https://developer.apple.com/icloud/documentation/data-storage/ .

2014-06-18 12:43:03.132 Schedule[39048:70b] Resetting plugins due to page load.
2014-06-18 12:43:03.233 Schedule[39048:70b] Finished load of: file:///Users/aaron/Library/Application%20Support/iPhone%20Simulator/7.1/Applications/E84B2ED2-037B-4BC4-9376-FEE89E7B0166/Schedule.app/www/index.html
2014-06-18 12:43:07.869 Schedule[39048:70b] Resetting plugins due to page load.
2014-06-18 12:43:08.830 Schedule[39048:70b] Finished load of: http://schedule.aaronvanderzwan.com/wp-content/uploads/2014/06/Softball-2014.pdf
2014-06-18 12:43:52.529 Schedule[39127:70b] Multi-tasking -> Device: YES, App: YES
2014-06-18 12:43:52.543 Schedule[39127:70b] Unlimited access to network resources
2014-06-18 12:43:52.548 Schedule[39127:70b] 

Started backup to iCloud! Please be careful.
Your application might rejected by Apple if you store too much data.
For more information please read "iOS Data Storage Guidelines"
You could find it at the following address https://developer.apple.com/icloud/documentation/data-storage/ .

2014-06-18 12:43:52.777 Schedule[39127:70b] Resetting plugins due to page load.
2014-06-18 12:43:52.875 Schedule[39127:70b] Finished load of: file:///Users/aaron/Library/Application%20Support/iPhone%20Simulator/7.1/Applications/E84B2ED2-037B-4BC4-9376-FEE89E7B0166/Schedule.app/www/index.html
2014-06-18 12:44:07.933 Schedule[39127:70b] Resetting plugins due to page load.
2014-06-18 12:44:08.213 Schedule[39127:70b] Finished load of: http://schedule.aaronvanderzwan.com/wp-content/uploads/2014/06/Softball-2014.pdf
2014-06-18 12:45:01.832 Schedule[39202:70b] Multi-tasking -> Device: YES, App: YES
2014-06-18 12:45:01.846 Schedule[39202:70b] Unlimited access to network resources
2014-06-18 12:45:01.851 Schedule[39202:70b] 

Started backup to iCloud! Please be careful.
Your application might rejected by Apple if you store too much data.
For more information please read "iOS Data Storage Guidelines"
You could find it at the following address https://developer.apple.com/icloud/documentation/data-storage/ .

2014-06-18 12:45:02.061 Schedule[39202:70b] Resetting plugins due to page load.
2014-06-18 12:45:02.159 Schedule[39202:70b] Finished load of: file:///Users/aaron/Library/Application%20Support/iPhone%20Simulator/7.1/Applications/E84B2ED2-037B-4BC4-9376-FEE89E7B0166/Schedule.app/www/index.html
2014-06-18 12:45:08.827 Schedule[39202:70b] Resetting plugins due to page load.
2014-06-18 12:45:09.111 Schedule[39202:70b] Finished load of: http://schedule.aaronvanderzwan.com/wp-content/uploads/2014/06/Softball-2014.pdf
2014-06-18 12:46:22.394 Schedule[39300:70b] Multi-tasking -> Device: YES, App: YES
2014-06-18 12:46:22.409 Schedule[39300:70b] Unlimited access to network resources
2014-06-18 12:46:22.414 Schedule[39300:70b] 

Started backup to iCloud! Please be careful.
Your application might rejected by Apple if you store too much data.
For more information please read "iOS Data Storage Guidelines"
You could find it at the following address https://developer.apple.com/icloud/documentation/data-storage/ .

2014-06-18 12:46:22.621 Schedule[39300:70b] Resetting plugins due to page load.
2014-06-18 12:46:22.714 Schedule[39300:70b] Finished load of: file:///Users/aaron/Library/Application%20Support/iPhone%20Simulator/7.1/Applications/E84B2ED2-037B-4BC4-9376-FEE89E7B0166/Schedule.app/www/index.html
2014-06-18 12:46:29.463 Schedule[39300:70b] Resetting plugins due to page load.
2014-06-18 12:46:30.324 Schedule[39300:70b] Finished load of: http://schedule.aaronvanderzwan.com/wp-content/uploads/2014/06/Softball-2014.pdf
2014-06-18 12:47:38.054 Schedule[39382:70b] Multi-tasking -> Device: YES, App: YES
2014-06-18 12:47:38.068 Schedule[39382:70b] Unlimited access to network resources
2014-06-18 12:47:38.073 Schedule[39382:70b] 

Started backup to iCloud! Please be careful.
Your application might rejected by Apple if you store too much data.
For more information please read "iOS Data Storage Guidelines"
You could find it at the following address https://developer.apple.com/icloud/documentation/data-storage/ .

2014-06-18 12:47:38.276 Schedule[39382:70b] Resetting plugins due to page load.
2014-06-18 12:47:38.375 Schedule[39382:70b] Finished load of: file:///Users/aaron/Library/Application%20Support/iPhone%20Simulator/7.1/Applications/E84B2ED2-037B-4BC4-9376-FEE89E7B0166/Schedule.app/www/index.html
2014-06-18 12:55:38.100 Schedule[39693:70b] Multi-tasking -> Device: YES, App: YES
2014-06-18 12:55:38.114 Schedule[39693:70b] Unlimited access to network resources
2014-06-18 12:55:38.120 Schedule[39693:70b] 

Started backup to iCloud! Please be careful.
Your application might rejected by Apple if you store too much data.
For more information please read "iOS Data Storage Guidelines"
You could find it at the following address https://developer.apple.com/icloud/documentation/data-storage/ .

2014-06-18 12:55:38.245 Schedule[39693:70b] Resetting plugins due to page load.
2014-06-18 12:55:38.343 Schedule[39693:70b] Finished load of: file:///Users/aaron/Library/Application%20Support/iPhone%20Simulator/7.1/Applications/E84B2ED2-037B-4BC4-9376-FEE89E7B0166/Schedule.app/www/index.html
2014-06-18 12:56:08.748 Schedule[39767:70b] Multi-tasking -> Device: YES, App: YES
2014-06-18 12:56:08.763 Schedule[39767:70b] Unlimited access to network resources
2014-06-18 12:56:08.768 Schedule[39767:70b] 

Started backup to iCloud! Please be careful.
Your application might rejected by Apple if you store too much data.
For more information please read "iOS Data Storage Guidelines"
You could find it at the following address https://developer.apple.com/icloud/documentation/data-storage/ .

2014-06-18 12:56:08.891 Schedule[39767:70b] Resetting plugins due to page load.
2014-06-18 12:56:08.983 Schedule[39767:70b] Finished load of: file:///Users/aaron/Library/Application%20Support/iPhone%20Simulator/7.1/Applications/E84B2ED2-037B-4BC4-9376-FEE89E7B0166/Schedule.app/www/index.html
2014-06-18 13:08:49.779 Schedule[40101:70b] Multi-tasking -> Device: YES, App: YES
2014-06-18 13:08:49.794 Schedule[40101:70b] Unlimited access to network resources
2014-06-18 13:08:49.799 Schedule[40101:70b] 

Started backup to iCloud! Please be careful.
Your application might rejected by Apple if you store too much data.
For more information please read "iOS Data Storage Guidelines"
You could find it at the following address https://developer.apple.com/icloud/documentation/data-storage/ .

2014-06-18 13:08:49.903 Schedule[40101:70b] Resetting plugins due to page load.
2014-06-18 13:08:50.002 Schedule[40101:70b] Finished load of: file:///Users/aaron/Library/Application%20Support/iPhone%20Simulator/7.1/Applications/E84B2ED2-037B-4BC4-9376-FEE89E7B0166/Schedule.app/www/index.html
2014-06-18 13:09:46.661 Schedule[40185:70b] Multi-tasking -> Device: YES, App: YES
2014-06-18 13:09:46.676 Schedule[40185:70b] Unlimited access to network resources
2014-06-18 13:09:46.681 Schedule[40185:70b] 

Started backup to iCloud! Please be careful.
Your application might rejected by Apple if you store too much data.
For more information please read "iOS Data Storage Guidelines"
You could find it at the following address https://developer.apple.com/icloud/documentation/data-storage/ .

2014-06-18 13:09:46.895 Schedule[40185:70b] Resetting plugins due to page load.
2014-06-18 13:09:46.993 Schedule[40185:70b] Finished load of: file:///Users/aaron/Library/Application%20Support/iPhone%20Simulator/7.1/Applications/E84B2ED2-037B-4BC4-9376-FEE89E7B0166/Schedule.app/www/index.html
2014-06-18 13:11:02.287 Schedule[40264:70b] Multi-tasking -> Device: YES, App: YES
2014-06-18 13:11:02.311 Schedule[40264:70b] Unlimited access to network resources
2014-06-18 13:11:02.318 Schedule[40264:70b] 

Started backup to iCloud! Please be careful.
Your application might rejected by Apple if you store too much data.
For more information please read "iOS Data Storage Guidelines"
You could find it at the following address https://developer.apple.com/icloud/documentation/data-storage/ .

2014-06-18 13:11:02.451 Schedule[40264:70b] Resetting plugins due to page load.
2014-06-18 13:11:02.550 Schedule[40264:70b] Finished load of: file:///Users/aaron/Library/Application%20Support/iPhone%20Simulator/7.1/Applications/E84B2ED2-037B-4BC4-9376-FEE89E7B0166/Schedule.app/www/index.html
